port 80 already in use, attempting to use an available port
Building sites … 
                   | EN  
-------------------+-----
  Pages            | 46  
  Paginator pages  |  2  
  Non-page files   |  1  
  Static files     | 54  
  Processed images |  0  
  Aliases          | 13  
  Sitemaps         |  1  
  Cleaned          |  0  

Total in 573 ms
Watching for changes in /home/liuzekun/github/zvier-hugo/{content,data,layouts,static,themes}
Watching for config changes in /home/liuzekun/github/zvier-hugo/config.toml
Environment: "development"
Serving pages from memory
Web Server is available at //www.zvier.top:43484/ (bind address 0.0.0.0)
Press Ctrl+C to stop
Building sites … 
                   | EN  
-------------------+-----
  Pages            | 46  
  Paginator pages  |  2  
  Non-page files   |  1  
  Static files     | 54  
  Processed images |  0  
  Aliases          | 13  
  Sitemaps         |  1  
  Cleaned          |  0  

Total in 477 ms
Watching for changes in /home/liuzekun/github/zvier-hugo/{content,data,layouts,static,themes}
Watching for config changes in /home/liuzekun/github/zvier-hugo/config.toml
Environment: "development"
Serving pages from memory
Web Server is available at //www.zvier.top:80/ (bind address 0.0.0.0)
Press Ctrl+C to stop

Change detected, rebuilding site
2019-08-31 21:27:14.075 +0800
Source changed "/home/liuzekun/github/zvier-hugo/content/post/containerd-main.md": WRITE
Total in 91 ms

Change detected, rebuilding site
2019-08-31 21:27:33.066 +0800
Source changed "/home/liuzekun/github/zvier-hugo/content/post/containerd-main.md": WRITE
Total in 82 ms

Change detected, rebuilding site
2019-08-31 21:29:20.066 +0800
Source changed "/home/liuzekun/github/zvier-hugo/content/post/containerd-main.md": WRITE
Total in 0 ms
ERROR 2019/08/31 21:29:20 Rebuild failed:

ERROR 2019/08/31 21:29:20 "/home/liuzekun/github/zvier-hugo/content/post/containerd-main.md:10:18": got named parameter 'linenos'. Cannot mix named and positional parameters

Change detected, rebuilding site
2019-08-31 21:30:29.066 +0800
Source changed "/home/liuzekun/github/zvier-hugo/content/post/containerd-main.md": WRITE
Total in 0 ms
ERROR 2019/08/31 21:30:29 Rebuild failed:

ERROR 2019/08/31 21:30:29 "/home/liuzekun/github/zvier-hugo/content/post/containerd-main.md:10:18": got named parameter 'linenos'. Cannot mix named and positional parameters

Change detected, rebuilding site
2019-08-31 21:30:38.066 +0800
Source changed "/home/liuzekun/github/zvier-hugo/content/post/containerd-main.md": WRITE
Total in 0 ms
ERROR 2019/08/31 21:30:38 Rebuild failed:

ERROR 2019/08/31 21:30:38 "/home/liuzekun/github/zvier-hugo/content/post/containerd-main.md:10:18": got named parameter 'linenos'. Cannot mix named and positional parameters

Change detected, rebuilding site
2019-08-31 21:31:01.066 +0800
Source changed "/home/liuzekun/github/zvier-hugo/content/post/containerd-main.md": WRITE
Total in 0 ms
ERROR 2019/08/31 21:31:01 Rebuild failed:

ERROR 2019/08/31 21:31:01 "/home/liuzekun/github/zvier-hugo/content/post/containerd-main.md:11:6": closing tag for shortcode 'hightlight' does not match start tag

Change detected, rebuilding site
2019-08-31 21:31:07.066 +0800
Source changed "/home/liuzekun/github/zvier-hugo/content/post/containerd-main.md": WRITE
Total in 0 ms
ERROR 2019/08/31 21:31:07 Rebuild failed:

ERROR 2019/08/31 21:31:07 "/home/liuzekun/github/zvier-hugo/content/post/containerd-main.md:12:6": closing tag for shortcode 'hightlight' does not match start tag

Change detected, rebuilding site
2019-08-31 21:31:24.066 +0800
Source changed "/home/liuzekun/github/zvier-hugo/content/post/containerd-main.md": WRITE
Total in 84 ms

Change detected, rebuilding site
2019-08-31 21:32:08.066 +0800
Source changed "/home/liuzekun/github/zvier-hugo/content/post/containerd-main.md": WRITE
Total in 94 ms

Change detected, rebuilding site
2019-08-31 21:33:27.066 +0800
Source changed "/home/liuzekun/github/zvier-hugo/content/post/containerd-main.md": WRITE
Total in 85 ms

Change detected, rebuilding site
2019-08-31 21:33:46.066 +0800
Source changed "/home/liuzekun/github/zvier-hugo/content/post/containerd-main.md": WRITE
Total in 80 ms

Change detected, rebuilding site
2019-08-31 21:33:58.066 +0800
Source changed "/home/liuzekun/github/zvier-hugo/content/post/containerd-main.md": WRITE
Total in 77 ms

Change detected, rebuilding site
2019-08-31 21:34:14.066 +0800
Source changed "/home/liuzekun/github/zvier-hugo/content/post/containerd-main.md": WRITE
Total in 76 ms

Change detected, rebuilding site
2019-08-31 21:37:30.066 +0800
Source changed "/home/liuzekun/github/zvier-hugo/content/post/containerd-main.md": WRITE
Total in 78 ms

Change detected, rebuilding site
2019-08-31 21:39:01.066 +0800
Source changed "/home/liuzekun/github/zvier-hugo/content/post/containerd-main.md": WRITE
Total in 84 ms

Change detected, rebuilding site
2019-08-31 21:47:11.066 +0800
Source changed "/home/liuzekun/github/zvier-hugo/content/post/containerd-main.md": WRITE
Total in 84 ms

Change detected, rebuilding site
2019-08-31 21:47:46.066 +0800
Source changed "/home/liuzekun/github/zvier-hugo/content/post/containerd-main.md": WRITE
Total in 90 ms

Change detected, rebuilding site
2019-08-31 22:15:56.078 +0800
Source changed "/home/liuzekun/github/zvier-hugo/content/post/containerd-main.md": WRITE
Total in 200 ms

Change detected, rebuilding site
2019-09-01 07:16:50.066 +0800
Source changed "/home/liuzekun/github/zvier-hugo/content/post/containerd-main.md": WRITE
Total in 94 ms

Change detected, rebuilding site
2019-09-01 07:17:01.066 +0800
Source changed "/home/liuzekun/github/zvier-hugo/content/post/containerd-main.md": WRITE
Total in 88 ms

Change detected, rebuilding site
2019-09-01 07:17:05.066 +0800
Source changed "/home/liuzekun/github/zvier-hugo/content/post/containerd-main.md": WRITE
Total in 91 ms

Change detected, rebuilding site
2019-09-01 07:17:11.066 +0800
Source changed "/home/liuzekun/github/zvier-hugo/content/post/containerd-main.md": WRITE
Total in 97 ms

Change detected, rebuilding site
2019-09-01 07:17:15.066 +0800
Source changed "/home/liuzekun/github/zvier-hugo/content/post/containerd-main.md": WRITE
Total in 96 ms

Change detected, rebuilding site
2019-09-01 07:17:19.066 +0800
Source changed "/home/liuzekun/github/zvier-hugo/content/post/containerd-main.md": WRITE
Total in 84 ms

Change detected, rebuilding site
2019-09-01 07:17:21.066 +0800
Source changed "/home/liuzekun/github/zvier-hugo/content/post/containerd-main.md": WRITE
Total in 84 ms

Change detected, rebuilding site
2019-09-01 07:17:24.066 +0800
Source changed "/home/liuzekun/github/zvier-hugo/content/post/containerd-main.md": WRITE
Total in 87 ms

Change detected, rebuilding site
2019-09-01 07:17:39.066 +0800
Source changed "/home/liuzekun/github/zvier-hugo/content/post/containerd-main.md": WRITE
Total in 102 ms

Change detected, rebuilding site
2019-09-01 07:17:44.066 +0800
Source changed "/home/liuzekun/github/zvier-hugo/content/post/containerd-main.md": WRITE
Total in 85 ms

Change detected, rebuilding site
2019-09-01 07:17:59.066 +0800
Source changed "/home/liuzekun/github/zvier-hugo/content/post/containerd-main.md": RENAME
Total in 80 ms

Change detected, rebuilding site
2019-09-01 07:18:00.066 +0800
Source changed "/home/liuzekun/github/zvier-hugo/content/post/containerd-main.md": WRITE
Total in 81 ms

Change detected, rebuilding site
2019-09-01 07:18:10.066 +0800
Source changed "/home/liuzekun/github/zvier-hugo/content/post/containerd-main.md": WRITE
Total in 83 ms

Change detected, rebuilding site
2019-09-01 07:19:43.066 +0800
Source changed "/home/liuzekun/github/zvier-hugo/content/post/containerd-main.md": WRITE
Total in 74 ms

Change detected, rebuilding site
2019-09-01 07:24:33.066 +0800
Source changed "/home/liuzekun/github/zvier-hugo/content/post/containerd-main.md": WRITE
Total in 83 ms

Change detected, rebuilding site
2019-09-01 07:25:14.066 +0800
Source changed "/home/liuzekun/github/zvier-hugo/content/post/containerd-main.md": WRITE
Total in 92 ms

Change detected, rebuilding site
2019-09-01 07:25:15.066 +0800
Source changed "/home/liuzekun/github/zvier-hugo/content/post/containerd-main.md": WRITE
Total in 92 ms

Change detected, rebuilding site
2019-09-01 07:26:00.066 +0800
Source changed "/home/liuzekun/github/zvier-hugo/content/post/containerd-main.md": WRITE
Total in 93 ms

Change detected, rebuilding site
2019-09-01 07:27:46.066 +0800
Source changed "/home/liuzekun/github/zvier-hugo/content/post/containerd-main.md": WRITE
Total in 89 ms

Change detected, rebuilding site
2019-09-01 07:41:10.066 +0800
Source changed "/home/liuzekun/github/zvier-hugo/content/post/containerd-main.md": WRITE
Total in 100 ms

Change detected, rebuilding site
2019-09-01 07:42:14.066 +0800
Source changed "/home/liuzekun/github/zvier-hugo/content/post/containerd-main.md": WRITE
Total in 107 ms

Change detected, rebuilding site
2019-09-01 07:43:42.066 +0800
Source changed "/home/liuzekun/github/zvier-hugo/content/post/containerd-main.md": WRITE
Total in 90 ms

Change detected, rebuilding site
2019-09-01 07:44:52.066 +0800
Source changed "/home/liuzekun/github/zvier-hugo/content/post/containerd-main.md": WRITE
Total in 92 ms

Change detected, rebuilding site
2019-09-01 07:45:09.066 +0800
Source changed "/home/liuzekun/github/zvier-hugo/content/post/containerd-main.md": WRITE
Total in 92 ms

Change detected, rebuilding site
2019-09-01 07:46:36.066 +0800
Source changed "/home/liuzekun/github/zvier-hugo/content/post/containerd-main.md": WRITE
Total in 93 ms

Change detected, rebuilding site
2019-09-01 07:47:05.066 +0800
Source changed "/home/liuzekun/github/zvier-hugo/content/post/containerd-main.md": WRITE
Total in 92 ms

Change detected, rebuilding site
2019-09-01 07:47:20.066 +0800
Source changed "/home/liuzekun/github/zvier-hugo/content/post/containerd-main.md": WRITE
Total in 84 ms

Change detected, rebuilding site
2019-09-01 07:48:01.066 +0800
Source changed "/home/liuzekun/github/zvier-hugo/content/post/containerd-main.md": WRITE
Total in 78 ms

Change detected, rebuilding site
2019-09-01 07:48:15.066 +0800
Source changed "/home/liuzekun/github/zvier-hugo/content/post/containerd-main.md": WRITE
Total in 88 ms

Change detected, rebuilding site
2019-09-01 07:48:24.066 +0800
Source changed "/home/liuzekun/github/zvier-hugo/content/post/containerd-main.md": WRITE
Total in 86 ms

Change detected, rebuilding site
2019-09-01 07:48:47.066 +0800
Source changed "/home/liuzekun/github/zvier-hugo/content/post/containerd-main.md": WRITE
Total in 90 ms

Change detected, rebuilding site
2019-09-01 07:49:18.066 +0800
Source changed "/home/liuzekun/github/zvier-hugo/content/post/containerd-main.md": WRITE
Total in 97 ms

Change detected, rebuilding site
2019-09-01 07:51:36.066 +0800
Source changed "/home/liuzekun/github/zvier-hugo/content/post/containerd-main.md": WRITE
Total in 87 ms

Change detected, rebuilding site
2019-09-01 07:51:51.066 +0800
Source changed "/home/liuzekun/github/zvier-hugo/content/post/containerd-main.md": WRITE
Total in 80 ms

Change detected, rebuilding site
2019-09-01 07:52:00.066 +0800
Source changed "/home/liuzekun/github/zvier-hugo/content/post/containerd-main.md": WRITE
Total in 86 ms

Change detected, rebuilding site
2019-09-01 07:52:11.066 +0800
Source changed "/home/liuzekun/github/zvier-hugo/content/post/containerd-main.md": WRITE
Total in 83 ms

Change detected, rebuilding site
2019-09-01 07:53:08.066 +0800
Source changed "/home/liuzekun/github/zvier-hugo/content/post/containerd-command.md": WRITE
Total in 81 ms

Change detected, rebuilding site
2019-09-01 08:14:17.066 +0800
Source changed "/home/liuzekun/github/zvier-hugo/content/post/containerd-command.md": WRITE
Total in 89 ms

Change detected, rebuilding site
2019-09-01 08:15:48.077 +0800
Source changed "/home/liuzekun/github/zvier-hugo/content/post/containerd-command.md": WRITE
Total in 86 ms

Change detected, rebuilding site
2019-09-01 08:15:51.066 +0800
Source changed "/home/liuzekun/github/zvier-hugo/content/post/containerd-command.md": WRITE
Total in 86 ms

Change detected, rebuilding site
2019-09-01 08:15:56.066 +0800
Source changed "/home/liuzekun/github/zvier-hugo/content/post/containerd-command.md": WRITE
Total in 79 ms

Change detected, rebuilding site
2019-09-01 08:16:02.066 +0800
Source changed "/home/liuzekun/github/zvier-hugo/content/post/containerd-command.md": WRITE
Total in 84 ms

Change detected, rebuilding site
2019-09-01 08:16:24.066 +0800
Source changed "/home/liuzekun/github/zvier-hugo/content/post/containerd-command.md": WRITE
Total in 90 ms

Change detected, rebuilding site
2019-09-01 08:17:14.066 +0800
Source changed "/home/liuzekun/github/zvier-hugo/content/post/containerd-command.md": WRITE
Total in 87 ms

Change detected, rebuilding site
2019-09-01 08:23:00.066 +0800
Source changed "/home/liuzekun/github/zvier-hugo/content/post/containerd-command.md": WRITE
Total in 88 ms

Change detected, rebuilding site
2019-09-01 08:23:49.066 +0800
Source changed "/home/liuzekun/github/zvier-hugo/content/post/containerd-command.md": WRITE
Total in 100 ms

Change detected, rebuilding site
2019-09-01 08:24:00.066 +0800
Source changed "/home/liuzekun/github/zvier-hugo/content/post/containerd-command.md": WRITE
Total in 99 ms

Change detected, rebuilding site
2019-09-01 08:24:34.066 +0800
Source changed "/home/liuzekun/github/zvier-hugo/content/post/containerd-command.md": WRITE
Total in 100 ms

Change detected, rebuilding site
2019-09-01 08:24:39.066 +0800
Source changed "/home/liuzekun/github/zvier-hugo/content/post/containerd-command.md": WRITE
Total in 99 ms

Change detected, rebuilding site
2019-09-01 08:56:41.066 +0800
Source changed "/home/liuzekun/github/zvier-hugo/content/post/containerd-command.md": WRITE
Total in 133 ms

Change detected, rebuilding site
2019-09-01 08:57:08.066 +0800
Source changed "/home/liuzekun/github/zvier-hugo/content/post/containerd-command.md": WRITE
Total in 146 ms

Change detected, rebuilding site
2019-09-01 08:57:51.066 +0800
Source changed "/home/liuzekun/github/zvier-hugo/content/post/containerd-command.md": WRITE
Total in 141 ms

Change detected, rebuilding site
2019-09-01 09:00:32.066 +0800
Source changed "/home/liuzekun/github/zvier-hugo/content/post/containerd-command.md": WRITE
Total in 147 ms

Change detected, rebuilding site
2019-09-01 09:15:39.066 +0800
Source changed "/home/liuzekun/github/zvier-hugo/content/post/containerd-command.md": WRITE
Total in 130 ms

Change detected, rebuilding site
2019-09-01 09:18:33.066 +0800
Source changed "/home/liuzekun/github/zvier-hugo/content/post/containerd-command.md": WRITE
Total in 130 ms

Change detected, rebuilding site
2019-09-01 09:20:58.066 +0800
Source changed "/home/liuzekun/github/zvier-hugo/content/post/containerd-command.md": WRITE
Total in 131 ms

Change detected, rebuilding site
2019-09-01 09:22:33.066 +0800
Source changed "/home/liuzekun/github/zvier-hugo/content/post/containerd-command.md": WRITE
Total in 159 ms

Change detected, rebuilding site
2019-09-01 09:23:40.066 +0800
Source changed "/home/liuzekun/github/zvier-hugo/content/post/containerd-command.md": WRITE
Total in 135 ms

Change detected, rebuilding site
2019-09-01 09:24:29.066 +0800
Source changed "/home/liuzekun/github/zvier-hugo/content/post/containerd-command.md": WRITE
Total in 133 ms

Change detected, rebuilding site
2019-09-01 09:25:06.066 +0800
Source changed "/home/liuzekun/github/zvier-hugo/content/post/containerd-command.md": WRITE
Total in 130 ms

Change detected, rebuilding site
2019-09-01 09:25:31.066 +0800
Source changed "/home/liuzekun/github/zvier-hugo/content/post/containerd-command.md": WRITE
Total in 133 ms

Change detected, rebuilding site
2019-09-01 09:26:13.066 +0800
Source changed "/home/liuzekun/github/zvier-hugo/content/post/containerd-command.md": WRITE
Total in 119 ms
ERROR 2019/09/01 09:26:13 Rebuild failed:

ERROR 2019/09/01 09:26:13 "/home/liuzekun/github/zvier-hugo/content/post/containerd-command.md:136:6": failed to extract shortcode: shortcode "highlight" has no .Inner, yet a closing tag was provided

Change detected, rebuilding site
2019-09-01 09:26:18.066 +0800
Source changed "/home/liuzekun/github/zvier-hugo/content/post/containerd-command.md": WRITE
Total in 0 ms
ERROR 2019/09/01 09:26:18 Rebuild failed:

ERROR 2019/09/01 09:26:18 "/home/liuzekun/github/zvier-hugo/content/post/containerd-command.md:136:6": failed to extract shortcode: shortcode "highlight" has no .Inner, yet a closing tag was provided

Change detected, rebuilding site
2019-09-01 09:26:20.066 +0800
Source changed "/home/liuzekun/github/zvier-hugo/content/post/containerd-command.md": WRITE
Total in 0 ms
ERROR 2019/09/01 09:26:20 Rebuild failed:

ERROR 2019/09/01 09:26:20 "/home/liuzekun/github/zvier-hugo/content/post/containerd-command.md:136:6": failed to extract shortcode: shortcode "highlight" has no .Inner, yet a closing tag was provided

Change detected, rebuilding site
2019-09-01 09:26:36.066 +0800
Source changed "/home/liuzekun/github/zvier-hugo/content/post/containerd-command.md": WRITE
Total in 476 ms

Change detected, rebuilding site
2019-09-01 09:26:42.066 +0800
Source changed "/home/liuzekun/github/zvier-hugo/content/post/containerd-command.md": WRITE
Total in 453 ms

Change detected, rebuilding site
2019-09-01 09:26:57.066 +0800
Source changed "/home/liuzekun/github/zvier-hugo/content/post/containerd-command.md": WRITE
Total in 132 ms

Change detected, rebuilding site
2019-09-01 09:30:29.066 +0800
Source changed "/home/liuzekun/github/zvier-hugo/content/post/containerd-command.md": WRITE
Total in 128 ms

Change detected, rebuilding site
2019-09-01 09:30:46.066 +0800
Source changed "/home/liuzekun/github/zvier-hugo/content/post/containerd-command.md": RENAME
Total in 102 ms

Change detected, rebuilding site
2019-09-01 09:30:47.066 +0800
Source changed "/home/liuzekun/github/zvier-hugo/content/post/containerd-command.md": WRITE
Total in 145 ms

Change detected, rebuilding site
2019-09-01 09:32:47.066 +0800
Source changed "/home/liuzekun/github/zvier-hugo/content/post/containerd-command.md": WRITE
Total in 128 ms

Change detected, rebuilding site
2019-09-01 09:38:59.066 +0800
Source changed "/home/liuzekun/github/zvier-hugo/content/post/containerd-command.md": WRITE
Total in 148 ms

Change detected, rebuilding site
2019-09-01 09:39:26.066 +0800
Source changed "/home/liuzekun/github/zvier-hugo/content/post/containerd-command.md": WRITE
Total in 0 ms
ERROR 2019/09/01 09:39:26 Rebuild failed:

ERROR 2019/09/01 09:39:26 "/home/liuzekun/github/zvier-hugo/content/post/containerd-command.md:278:6": failed to extract shortcode: shortcode "highlight" has no .Inner, yet a closing tag was provided

Change detected, rebuilding site
2019-09-01 09:39:42.066 +0800
Source changed "/home/liuzekun/github/zvier-hugo/content/post/containerd-command.md": WRITE
Total in 139 ms

Change detected, rebuilding site
2019-09-01 09:39:54.066 +0800
Source changed "/home/liuzekun/github/zvier-hugo/content/post/containerd-command.md": WRITE
Total in 153 ms

Change detected, rebuilding site
2019-09-01 09:40:28.066 +0800
Source changed "/home/liuzekun/github/zvier-hugo/content/post/containerd-command.md": WRITE
Total in 147 ms

Change detected, rebuilding site
2019-09-01 09:42:10.066 +0800
Source changed "/home/liuzekun/github/zvier-hugo/content/post/containerd-command.md": WRITE
Total in 146 ms

Change detected, rebuilding site
2019-09-01 09:43:29.066 +0800
Source changed "/home/liuzekun/github/zvier-hugo/content/post/containerd-command.md": WRITE
Total in 140 ms

Change detected, rebuilding site
2019-09-01 10:09:38.066 +0800
Source changed "/home/liuzekun/github/zvier-hugo/content/post/containerd-command.md": WRITE
Total in 0 ms
ERROR 2019/09/01 10:09:38 Rebuild failed:

ERROR 2019/09/01 10:09:38 "/home/liuzekun/github/zvier-hugo/content/post/containerd-command.md:297:6": failed to extract shortcode: shortcode "highlight" has no .Inner, yet a closing tag was provided

Change detected, rebuilding site
2019-09-01 10:09:47.066 +0800
Source changed "/home/liuzekun/github/zvier-hugo/content/post/containerd-command.md": WRITE
Total in 143 ms

Change detected, rebuilding site
2019-09-01 10:13:12.066 +0800
Source changed "/home/liuzekun/github/zvier-hugo/content/post/containerd-command.md": WRITE
Total in 135 ms

Change detected, rebuilding site
2019-09-01 10:13:20.066 +0800
Source changed "/home/liuzekun/github/zvier-hugo/content/post/containerd-command.md": WRITE
Total in 141 ms

Change detected, rebuilding site
2019-09-01 10:21:18.066 +0800
Source changed "/home/liuzekun/github/zvier-hugo/content/post/containerd-command.md": WRITE
Total in 171 ms

Change detected, rebuilding site
2019-09-01 10:22:33.066 +0800
Source changed "/home/liuzekun/github/zvier-hugo/content/post/containerd-command.md": WRITE
Total in 193 ms

Change detected, rebuilding site
2019-09-01 10:22:47.066 +0800
Source changed "/home/liuzekun/github/zvier-hugo/content/post/containerd-command.md": WRITE
Total in 144 ms

Change detected, rebuilding site
2019-09-01 10:24:14.066 +0800
Source changed "/home/liuzekun/github/zvier-hugo/content/post/containerd-command.md": WRITE
Total in 469 ms

Change detected, rebuilding site
2019-09-01 10:24:17.066 +0800
Source changed "/home/liuzekun/github/zvier-hugo/content/post/containerd-command.md": WRITE
Total in 452 ms

Change detected, rebuilding site
2019-09-01 10:30:20.066 +0800
Source changed "/home/liuzekun/github/zvier-hugo/content/post/containerd-command.md": WRITE
Total in 440 ms

Change detected, rebuilding site
2019-09-01 10:33:42.066 +0800
Source changed "/home/liuzekun/github/zvier-hugo/content/post/containerd-command.md": WRITE
Total in 485 ms

Change detected, rebuilding site
2019-09-01 10:54:34.066 +0800
Source changed "/home/liuzekun/github/zvier-hugo/content/post/containerd-command.md": WRITE
Total in 517 ms

Change detected, rebuilding site
2019-09-01 10:55:12.066 +0800
Source changed "/home/liuzekun/github/zvier-hugo/content/post/containerd-command.md": WRITE
Total in 595 ms

Change detected, rebuilding site
2019-09-01 10:55:22.066 +0800
Source changed "/home/liuzekun/github/zvier-hugo/content/post/containerd-command.md": WRITE
Total in 157 ms

Change detected, rebuilding site
2019-09-01 10:56:25.066 +0800
Source changed "/home/liuzekun/github/zvier-hugo/content/post/containerd-command.md": WRITE
Total in 150 ms

Change detected, rebuilding site
2019-09-01 10:57:38.066 +0800
Source changed "/home/liuzekun/github/zvier-hugo/content/post/containerd-command.md": WRITE
Total in 159 ms

Change detected, rebuilding site
2019-09-01 11:17:30.066 +0800
Source changed "/home/liuzekun/github/zvier-hugo/content/post/containerd-command.md": WRITE
Total in 209 ms

Change detected, rebuilding site
2019-09-01 11:20:44.066 +0800
Source changed "/home/liuzekun/github/zvier-hugo/content/post/containerd-command.md": WRITE
Total in 295 ms

Change detected, rebuilding site
2019-09-01 11:21:18.066 +0800
Source changed "/home/liuzekun/github/zvier-hugo/content/post/containerd-command.md": WRITE
Total in 307 ms

Change detected, rebuilding site
2019-09-01 11:23:58.066 +0800
Source changed "/home/liuzekun/github/zvier-hugo/content/post/containerd-command.md": WRITE
Total in 345 ms

Change detected, rebuilding site
2019-09-01 11:24:28.066 +0800
Source changed "/home/liuzekun/github/zvier-hugo/content/post/containerd-command.md": WRITE
Total in 174 ms

Change detected, rebuilding site
2019-09-01 11:33:05.066 +0800
Source changed "/home/liuzekun/github/zvier-hugo/content/post/containerd-command.md": WRITE
Total in 171 ms

Change detected, rebuilding site
2019-09-01 11:34:27.066 +0800
Source changed "/home/liuzekun/github/zvier-hugo/content/post/containerd-command.md": WRITE
Total in 206 ms

Change detected, rebuilding site
2019-09-01 11:37:42.066 +0800
Source changed "/home/liuzekun/github/zvier-hugo/content/post/containerd-command.md": WRITE
Total in 166 ms

Change detected, rebuilding site
2019-09-01 11:39:17.066 +0800
Source changed "/home/liuzekun/github/zvier-hugo/content/post/containerd-command.md": WRITE
Total in 182 ms

Change detected, rebuilding site
2019-09-01 11:45:34.066 +0800
Source changed "/home/liuzekun/github/zvier-hugo/content/post/containerd-command.md": WRITE
Total in 0 ms
ERROR 2019/09/01 11:45:34 Rebuild failed:

ERROR 2019/09/01 11:45:34 "/home/liuzekun/github/zvier-hugo/content/post/containerd-command.md:498:34": unrecognized character in shortcode action: U+007D '}'. Note: Parameters with non-alphanumeric args must be quoted

Change detected, rebuilding site
2019-09-01 11:46:26.066 +0800
Source changed "/home/liuzekun/github/zvier-hugo/content/post/containerd-command.md": WRITE
Total in 166 ms

Change detected, rebuilding site
2019-09-01 11:46:34.066 +0800
Source changed "/home/liuzekun/github/zvier-hugo/content/post/containerd-command.md": WRITE
Total in 1 ms
ERROR 2019/09/01 11:46:34 Rebuild failed:

ERROR 2019/09/01 11:46:34 "/home/liuzekun/github/zvier-hugo/content/post/containerd-command.md:496:34": unrecognized character in shortcode action: U+007D '}'. Note: Parameters with non-alphanumeric args must be quoted

Change detected, rebuilding site
2019-09-01 11:46:47.066 +0800
Source changed "/home/liuzekun/github/zvier-hugo/content/post/containerd-command.md": WRITE
Total in 184 ms

Change detected, rebuilding site
2019-09-01 11:46:52.066 +0800
Source changed "/home/liuzekun/github/zvier-hugo/content/post/containerd-command.md": WRITE
Total in 0 ms
ERROR 2019/09/01 11:46:52 Rebuild failed:

ERROR 2019/09/01 11:46:52 "/home/liuzekun/github/zvier-hugo/content/post/containerd-command.md:496:34": unrecognized character in shortcode action: U+007D '}'. Note: Parameters with non-alphanumeric args must be quoted

Change detected, rebuilding site
2019-09-01 11:46:59.066 +0800
Source changed "/home/liuzekun/github/zvier-hugo/content/post/containerd-command.md": WRITE
Total in 0 ms
ERROR 2019/09/01 11:46:59 Rebuild failed:

ERROR 2019/09/01 11:46:59 "/home/liuzekun/github/zvier-hugo/content/post/containerd-command.md:496:34": unrecognized character in shortcode action: U+007D '}'. Note: Parameters with non-alphanumeric args must be quoted

Change detected, rebuilding site
2019-09-01 11:47:04.066 +0800
Source changed "/home/liuzekun/github/zvier-hugo/content/post/containerd-command.md": WRITE
Total in 238 ms

Change detected, rebuilding site
2019-09-01 11:47:20.066 +0800
Source changed "/home/liuzekun/github/zvier-hugo/content/post/containerd-command.md": WRITE
Total in 0 ms
ERROR 2019/09/01 11:47:20 Rebuild failed:

ERROR 2019/09/01 11:47:20 "/home/liuzekun/github/zvier-hugo/content/post/containerd-command.md:498:34": unrecognized character in shortcode action: U+007D '}'. Note: Parameters with non-alphanumeric args must be quoted

Change detected, rebuilding site
2019-09-01 11:47:29.066 +0800
Source changed "/home/liuzekun/github/zvier-hugo/content/post/containerd-command.md": WRITE
Total in 152 ms

Change detected, rebuilding site
2019-09-01 11:47:41.066 +0800
Source changed "/home/liuzekun/github/zvier-hugo/content/post/containerd-command.md": WRITE
Total in 223 ms

Change detected, rebuilding site
2019-09-01 11:48:13.066 +0800
Source changed "/home/liuzekun/github/zvier-hugo/content/post/containerd-command.md": WRITE
Total in 0 ms
ERROR 2019/09/01 11:48:13 Rebuild failed:

ERROR 2019/09/01 11:48:13 "/home/liuzekun/github/zvier-hugo/content/post/containerd-command.md:498:34": unrecognized character in shortcode action: U+007D '}'. Note: Parameters with non-alphanumeric args must be quoted

Change detected, rebuilding site
2019-09-01 11:48:16.066 +0800
Source changed "/home/liuzekun/github/zvier-hugo/content/post/containerd-command.md": WRITE
Total in 166 ms

Change detected, rebuilding site
2019-09-01 11:49:05.066 +0800
Source changed "/home/liuzekun/github/zvier-hugo/content/post/containerd-command.md": WRITE
Total in 0 ms
ERROR 2019/09/01 11:49:05 Rebuild failed:

ERROR 2019/09/01 11:49:05 "/home/liuzekun/github/zvier-hugo/content/post/containerd-command.md:514:34": unrecognized character in shortcode action: U+007D '}'. Note: Parameters with non-alphanumeric args must be quoted

Change detected, rebuilding site
2019-09-01 11:49:07.066 +0800
Source changed "/home/liuzekun/github/zvier-hugo/content/post/containerd-command.md": WRITE
Total in 0 ms
ERROR 2019/09/01 11:49:07 Rebuild failed:

ERROR 2019/09/01 11:49:07 "/home/liuzekun/github/zvier-hugo/content/post/containerd-command.md:515:34": unrecognized character in shortcode action: U+007D '}'. Note: Parameters with non-alphanumeric args must be quoted

Change detected, rebuilding site
2019-09-01 11:49:14.066 +0800
Source changed "/home/liuzekun/github/zvier-hugo/content/post/containerd-command.md": WRITE
Total in 168 ms

Change detected, rebuilding site
2019-09-01 11:49:22.066 +0800
Source changed "/home/liuzekun/github/zvier-hugo/content/post/containerd-command.md": RENAME
Total in 97 ms

Change detected, rebuilding site
2019-09-01 11:49:23.066 +0800
Source changed "/home/liuzekun/github/zvier-hugo/content/post/containerd-command.md": WRITE
Total in 0 ms
ERROR 2019/09/01 11:49:23 Rebuild failed:

ERROR 2019/09/01 11:49:23 "/home/liuzekun/github/zvier-hugo/content/post/containerd-command.md:515:34": unrecognized character in shortcode action: U+007D '}'. Note: Parameters with non-alphanumeric args must be quoted

Change detected, rebuilding site
2019-09-01 11:49:51.066 +0800
Source changed "/home/liuzekun/github/zvier-hugo/content/post/containerd-command.md": WRITE
Total in 0 ms
ERROR 2019/09/01 11:49:51 Rebuild failed:

ERROR 2019/09/01 11:49:51 "/home/liuzekun/github/zvier-hugo/content/post/containerd-command.md:515:34": unrecognized character in shortcode action: U+007D '}'. Note: Parameters with non-alphanumeric args must be quoted

Change detected, rebuilding site
2019-09-01 11:50:02.066 +0800
Source changed "/home/liuzekun/github/zvier-hugo/content/post/containerd-command.md": WRITE
Total in 172 ms

Change detected, rebuilding site
2019-09-01 11:50:15.066 +0800
Source changed "/home/liuzekun/github/zvier-hugo/content/post/containerd-command.md": WRITE
Total in 158 ms

Change detected, rebuilding site
2019-09-01 11:50:24.066 +0800
Source changed "/home/liuzekun/github/zvier-hugo/content/post/containerd-command.md": WRITE
Total in 0 ms
ERROR 2019/09/01 11:50:24 Rebuild failed:

ERROR 2019/09/01 11:50:24 "/home/liuzekun/github/zvier-hugo/content/post/containerd-command.md:515:34": unrecognized character in shortcode action: U+007D '}'. Note: Parameters with non-alphanumeric args must be quoted

Change detected, rebuilding site
2019-09-01 11:50:38.066 +0800
Source changed "/home/liuzekun/github/zvier-hugo/content/post/containerd-command.md": WRITE
Total in 187 ms

Change detected, rebuilding site
2019-09-01 11:51:33.066 +0800
Source changed "/home/liuzekun/github/zvier-hugo/content/post/containerd-command.md": WRITE
Total in 178 ms

Change detected, rebuilding site
2019-09-01 11:52:28.066 +0800
Source changed "/home/liuzekun/github/zvier-hugo/content/post/containerd-command.md": WRITE
Total in 182 ms

Change detected, rebuilding site
2019-09-01 12:18:20.066 +0800
Source changed "/home/liuzekun/github/zvier-hugo/content/post/containerd-command.md": WRITE
Total in 185 ms

Change detected, rebuilding site
2019-09-01 12:18:40.066 +0800
Source changed "/home/liuzekun/github/zvier-hugo/content/post/containerd-command.md": WRITE
Total in 201 ms

Change detected, rebuilding site
2019-09-01 13:07:26.066 +0800
Source changed "/home/liuzekun/github/zvier-hugo/content/post/containerd-command.md": WRITE
Total in 188 ms

Change detected, rebuilding site
2019-09-01 13:07:33.066 +0800
Source changed "/home/liuzekun/github/zvier-hugo/content/post/containerd-command.md": WRITE
Total in 196 ms

Change detected, rebuilding site
2019-09-01 13:09:00.066 +0800
Source changed "/home/liuzekun/github/zvier-hugo/content/post/containerd-command.md": WRITE
Total in 182 ms

Change detected, rebuilding site
2019-09-01 13:11:08.066 +0800
Source changed "/home/liuzekun/github/zvier-hugo/content/post/containerd-command.md": WRITE
Total in 181 ms

Change detected, rebuilding site
2019-09-01 13:11:17.066 +0800
Source changed "/home/liuzekun/github/zvier-hugo/content/post/containerd-command.md": WRITE
Total in 188 ms

Change detected, rebuilding site
2019-09-01 13:14:39.066 +0800
Source changed "/home/liuzekun/github/zvier-hugo/content/post/containerd-command.md": WRITE
Total in 175 ms

Change detected, rebuilding site
2019-09-01 13:14:53.066 +0800
Source changed "/home/liuzekun/github/zvier-hugo/content/post/containerd-command.md": WRITE
Total in 198 ms

Change detected, rebuilding site
2019-09-01 13:14:57.066 +0800
Source changed "/home/liuzekun/github/zvier-hugo/content/post/containerd-command.md": WRITE
Total in 181 ms

Change detected, rebuilding site
2019-09-01 13:15:55.066 +0800
Source changed "/home/liuzekun/github/zvier-hugo/content/post/containerd-command.md": WRITE
Total in 181 ms

Change detected, rebuilding site
2019-09-01 13:16:29.066 +0800
Source changed "/home/liuzekun/github/zvier-hugo/content/post/containerd-command.md": WRITE
Total in 175 ms

Change detected, rebuilding site
2019-09-01 16:51:14.066 +0800
Source changed "/home/liuzekun/github/zvier-hugo/content/post/containerd-command.md": WRITE
Total in 183 ms

Change detected, rebuilding site
2019-09-01 16:51:19.066 +0800
Source changed "/home/liuzekun/github/zvier-hugo/content/post/containerd-command.md": WRITE
Total in 197 ms

Change detected, rebuilding site
2019-09-01 16:54:57.066 +0800
Source changed "/home/liuzekun/github/zvier-hugo/content/post/containerd-command.md": WRITE
Total in 185 ms

Change detected, rebuilding site
2019-09-01 16:55:46.066 +0800
Source changed "/home/liuzekun/github/zvier-hugo/content/post/containerd-command.md": WRITE
Total in 185 ms

Change detected, rebuilding site
2019-09-01 17:09:07.066 +0800
Source changed "/home/liuzekun/github/zvier-hugo/content/post/containerd-command.md": WRITE
Total in 200 ms

Change detected, rebuilding site
2019-09-01 17:15:02.066 +0800
Source changed "/home/liuzekun/github/zvier-hugo/content/post/containerd-command.md": WRITE
Total in 206 ms

Change detected, rebuilding site
2019-09-01 17:17:16.066 +0800
Source changed "/home/liuzekun/github/zvier-hugo/content/post/containerd-command.md": WRITE
Total in 189 ms

Change detected, rebuilding site
2019-09-01 17:25:10.066 +0800
Source changed "/home/liuzekun/github/zvier-hugo/content/post/containerd-command.md": WRITE
Total in 199 ms

Change detected, rebuilding site
2019-09-01 17:26:09.066 +0800
Source changed "/home/liuzekun/github/zvier-hugo/content/post/containerd-command.md": WRITE
Total in 186 ms

Change detected, rebuilding site
2019-09-01 17:26:44.066 +0800
Source changed "/home/liuzekun/github/zvier-hugo/content/post/containerd-command.md": WRITE
Total in 167 ms

Change detected, rebuilding site
2019-09-01 17:26:56.069 +0800
Source changed "/home/liuzekun/github/zvier-hugo/content/post/containerd-command.md": WRITE
Total in 183 ms

Change detected, rebuilding site
2019-09-01 17:27:46.066 +0800
Source changed "/home/liuzekun/github/zvier-hugo/content/post/containerd-command.md": WRITE
Total in 210 ms

Change detected, rebuilding site
2019-09-01 17:27:56.066 +0800
Source changed "/home/liuzekun/github/zvier-hugo/content/post/containerd-command.md": WRITE
Total in 171 ms

Change detected, rebuilding site
2019-09-01 17:28:06.066 +0800
Source changed "/home/liuzekun/github/zvier-hugo/content/post/containerd-command.md": WRITE
Total in 173 ms

Change detected, rebuilding site
2019-09-01 17:28:46.066 +0800
Source changed "/home/liuzekun/github/zvier-hugo/content/post/containerd-command.md": WRITE
Total in 171 ms

Change detected, rebuilding site
2019-09-01 17:30:17.066 +0800
Source changed "/home/liuzekun/github/zvier-hugo/content/post/containerd-command.md": WRITE
Total in 156 ms

Change detected, rebuilding site
2019-09-01 17:30:22.066 +0800
Source changed "/home/liuzekun/github/zvier-hugo/content/post/containerd-command.md": WRITE
Total in 184 ms

Change detected, rebuilding site
2019-09-01 17:30:56.066 +0800
Source changed "/home/liuzekun/github/zvier-hugo/content/post/containerd-command.md": WRITE
Total in 181 ms

Change detected, rebuilding site
2019-09-01 17:34:05.066 +0800
Source changed "/home/liuzekun/github/zvier-hugo/content/post/containerd-server-new.md": WRITE
Total in 82 ms

Change detected, rebuilding site
2019-09-01 17:39:46.066 +0800
Source changed "/home/liuzekun/github/zvier-hugo/content/post/containerd-server-new.md": WRITE
Total in 123 ms

Change detected, rebuilding site
2019-09-01 17:40:19.066 +0800
Source changed "/home/liuzekun/github/zvier-hugo/content/post/containerd-server-new.md": WRITE
Total in 127 ms

Change detected, rebuilding site
2019-09-01 17:46:28.066 +0800
Source changed "/home/liuzekun/github/zvier-hugo/content/post/containerd-server-new.md": WRITE
Total in 556 ms

Change detected, rebuilding site
2019-09-01 17:48:37.066 +0800
Source changed "/home/liuzekun/github/zvier-hugo/content/post/containerd-server-new.md": WRITE
Total in 569 ms

Change detected, rebuilding site
2019-09-01 17:49:11.066 +0800
Source changed "/home/liuzekun/github/zvier-hugo/content/post/containerd-server-new.md": WRITE
Total in 150 ms

Change detected, rebuilding site
2019-09-01 17:51:06.066 +0800
Source changed "/home/liuzekun/github/zvier-hugo/content/post/containerd-server-new.md": WRITE
Total in 158 ms

Change detected, rebuilding site
2019-09-01 17:52:29.066 +0800
Source changed "/home/liuzekun/github/zvier-hugo/content/post/containerd-server-new.md": WRITE
Total in 160 ms

Change detected, rebuilding site
2019-09-01 17:55:40.066 +0800
Source changed "/home/liuzekun/github/zvier-hugo/content/post/containerd-server-new.md": WRITE
Total in 131 ms

Change detected, rebuilding site
2019-09-01 17:55:58.066 +0800
Source changed "/home/liuzekun/github/zvier-hugo/content/post/containerd-server-new.md": WRITE
Total in 138 ms

Change detected, rebuilding site
2019-09-01 17:56:09.066 +0800
Source changed "/home/liuzekun/github/zvier-hugo/content/post/containerd-server-new.md": WRITE
Total in 142 ms

Change detected, rebuilding site
2019-09-01 17:57:43.066 +0800
Source changed "/home/liuzekun/github/zvier-hugo/content/post/containerd-server-new.md": WRITE
Total in 164 ms

Change detected, rebuilding site
2019-09-01 17:58:05.066 +0800
Source changed "/home/liuzekun/github/zvier-hugo/content/post/containerd-server-new.md": WRITE
Total in 144 ms

Change detected, rebuilding site
2019-09-01 17:58:20.066 +0800
Source changed "/home/liuzekun/github/zvier-hugo/content/post/containerd-server-new.md": WRITE
Total in 125 ms

Change detected, rebuilding site
2019-09-01 18:00:44.066 +0800
Source changed "/home/liuzekun/github/zvier-hugo/content/post/containerd-server-new.md": WRITE
Total in 137 ms

Change detected, rebuilding site
2019-09-01 18:00:54.066 +0800
Source changed "/home/liuzekun/github/zvier-hugo/content/post/containerd-server-new.md": WRITE
Total in 143 ms

Change detected, rebuilding site
2019-09-01 18:01:09.066 +0800
Source changed "/home/liuzekun/github/zvier-hugo/content/post/containerd-server-new.md": WRITE
Total in 133 ms

Change detected, rebuilding site
2019-09-01 18:02:59.066 +0800
Source changed "/home/liuzekun/github/zvier-hugo/content/post/containerd-server-new.md": WRITE
Total in 121 ms

Change detected, rebuilding site
2019-09-01 18:03:25.066 +0800
Source changed "/home/liuzekun/github/zvier-hugo/content/post/containerd-server-new.md": WRITE
Total in 132 ms

Change detected, rebuilding site
2019-09-01 18:05:51.066 +0800
Source changed "/home/liuzekun/github/zvier-hugo/content/post/containerd-server-new.md": WRITE
Total in 132 ms

Change detected, rebuilding site
2019-09-01 18:07:11.066 +0800
Source changed "/home/liuzekun/github/zvier-hugo/content/post/containerd-server-new.md": WRITE
Total in 151 ms

Change detected, rebuilding site
2019-09-01 18:09:32.066 +0800
Source changed "/home/liuzekun/github/zvier-hugo/content/post/containerd-server-new.md": WRITE
Total in 129 ms

Change detected, rebuilding site
2019-09-01 18:13:29.066 +0800
Source changed "/home/liuzekun/github/zvier-hugo/content/post/containerd-server-new.md": WRITE
Total in 125 ms

Change detected, rebuilding site
2019-09-01 18:13:56.066 +0800
Source changed "/home/liuzekun/github/zvier-hugo/content/post/containerd-server-new.md": WRITE
Total in 119 ms

Change detected, rebuilding site
2019-09-01 18:15:26.066 +0800
Source changed "/home/liuzekun/github/zvier-hugo/content/post/containerd-server-new.md": WRITE
Total in 142 ms

Change detected, rebuilding site
2019-09-01 18:15:28.066 +0800
Source changed "/home/liuzekun/github/zvier-hugo/content/post/containerd-server-new.md": WRITE
Total in 120 ms

Change detected, rebuilding site
2019-09-01 18:15:42.067 +0800
Source changed "/home/liuzekun/github/zvier-hugo/content/post/containerd-server-new.md": WRITE
Total in 142 ms

Change detected, rebuilding site
2019-09-01 18:16:05.066 +0800
Source changed "/home/liuzekun/github/zvier-hugo/content/post/containerd-server-new.md": WRITE
Total in 135 ms

Change detected, rebuilding site
2019-09-01 18:17:17.066 +0800
Source changed "/home/liuzekun/github/zvier-hugo/content/post/containerd-server-new.md": WRITE
Total in 126 ms

Change detected, rebuilding site
2019-09-01 18:17:23.066 +0800
Source changed "/home/liuzekun/github/zvier-hugo/content/post/containerd-server-new.md": WRITE
Total in 120 ms

Change detected, rebuilding site
2019-09-01 18:20:08.066 +0800
Source changed "/home/liuzekun/github/zvier-hugo/content/post/containerd-server-new.md": WRITE
Total in 119 ms

Change detected, rebuilding site
2019-09-01 18:21:51.066 +0800
Source changed "/home/liuzekun/github/zvier-hugo/content/post/containerd-server-new.md": WRITE
Total in 125 ms

Change detected, rebuilding site
2019-09-01 18:25:24.066 +0800
Source changed "/home/liuzekun/github/zvier-hugo/content/post/containerd-server-new.md": WRITE
Total in 128 ms

Change detected, rebuilding site
2019-09-01 19:31:13.066 +0800
Source changed "/home/liuzekun/github/zvier-hugo/content/post/containerd-server-new.md": WRITE
Total in 137 ms

Change detected, rebuilding site
2019-09-01 19:33:31.066 +0800
Source changed "/home/liuzekun/github/zvier-hugo/content/post/containerd-server-new.md": WRITE
Total in 134 ms

Change detected, rebuilding site
2019-09-01 19:35:22.066 +0800
Source changed "/home/liuzekun/github/zvier-hugo/content/post/containerd-server-new.md": WRITE
Total in 153 ms

Change detected, rebuilding site
2019-09-01 19:37:13.066 +0800
Source changed "/home/liuzekun/github/zvier-hugo/content/post/containerd-server-new.md": WRITE
Total in 139 ms

Change detected, rebuilding site
2019-09-01 19:37:23.066 +0800
Source changed "/home/liuzekun/github/zvier-hugo/content/post/containerd-server-new.md": WRITE
Total in 147 ms

Change detected, rebuilding site
2019-09-01 19:38:08.066 +0800
Source changed "/home/liuzekun/github/zvier-hugo/content/post/containerd-server-new.md": WRITE
Total in 150 ms

Change detected, rebuilding site
2019-09-01 19:39:01.066 +0800
Source changed "/home/liuzekun/github/zvier-hugo/content/post/containerd-server-new.md": WRITE
Total in 151 ms

Change detected, rebuilding site
2019-09-01 19:39:33.066 +0800
Source changed "/home/liuzekun/github/zvier-hugo/content/post/containerd-server-new.md": WRITE
Total in 140 ms

Change detected, rebuilding site
2019-09-01 19:41:34.066 +0800
Source changed "/home/liuzekun/github/zvier-hugo/content/post/containerd-server-new.md": WRITE
Total in 146 ms

Change detected, rebuilding site
2019-09-01 19:42:12.066 +0800
Source changed "/home/liuzekun/github/zvier-hugo/content/post/containerd-server-new.md": WRITE
Total in 155 ms

Change detected, rebuilding site
2019-09-01 19:43:31.066 +0800
Source changed "/home/liuzekun/github/zvier-hugo/content/post/containerd-server-new.md": WRITE
Total in 141 ms

Change detected, rebuilding site
2019-09-01 19:45:32.066 +0800
Source changed "/home/liuzekun/github/zvier-hugo/content/post/containerd-server-new.md": WRITE
Total in 161 ms

Change detected, rebuilding site
2019-09-01 19:46:16.066 +0800
Source changed "/home/liuzekun/github/zvier-hugo/content/post/containerd-server-new.md": WRITE
Total in 186 ms

Change detected, rebuilding site
2019-09-01 19:57:48.066 +0800
Source changed "/home/liuzekun/github/zvier-hugo/content/post/containerd-server-new.md": WRITE
Total in 218 ms

Change detected, rebuilding site
2019-09-01 20:00:23.066 +0800
Source changed "/home/liuzekun/github/zvier-hugo/content/post/containerd-server-new.md": WRITE
Total in 143 ms

Change detected, rebuilding site
2019-09-01 20:01:06.066 +0800
Source changed "/home/liuzekun/github/zvier-hugo/content/post/containerd-server-new.md": WRITE
Total in 203 ms

Change detected, rebuilding site
2019-09-01 20:02:32.066 +0800
Source changed "/home/liuzekun/github/zvier-hugo/content/post/containerd-server-new.md": WRITE
Total in 142 ms

Change detected, rebuilding site
2019-09-01 20:12:29.066 +0800
Source changed "/home/liuzekun/github/zvier-hugo/content/post/containerd-load-plugin.md": WRITE
Total in 96 ms

Change detected, rebuilding site
2019-09-01 20:15:12.066 +0800
Source changed "/home/liuzekun/github/zvier-hugo/content/post/containerd-load-plugin.md": WRITE
Total in 92 ms

Change detected, rebuilding site
2019-09-01 20:18:05.066 +0800
Source changed "/home/liuzekun/github/zvier-hugo/content/post/containerd-load-plugin.md": WRITE
Total in 94 ms

Change detected, rebuilding site
2019-09-01 20:18:22.066 +0800
Source changed "/home/liuzekun/github/zvier-hugo/content/post/containerd-load-plugin.md": WRITE
Total in 97 ms

Change detected, rebuilding site
2019-09-01 20:55:30.066 +0800
Source changed "/home/liuzekun/github/zvier-hugo/content/post/containerd-load-plugin.md": WRITE
Total in 97 ms

Change detected, rebuilding site
2019-09-01 20:57:45.066 +0800
Source changed "/home/liuzekun/github/zvier-hugo/content/post/containerd-load-plugin.md": WRITE
Total in 129 ms

Change detected, rebuilding site
2019-09-01 20:58:31.066 +0800
Source changed "/home/liuzekun/github/zvier-hugo/content/post/containerd-load-plugin.md": WRITE
Total in 140 ms

Change detected, rebuilding site
2019-09-01 21:03:48.066 +0800
Source changed "/home/liuzekun/github/zvier-hugo/content/post/containerd-load-plugin.md": WRITE
Total in 128 ms

Change detected, rebuilding site
2019-09-01 21:06:05.066 +0800
Source changed "/home/liuzekun/github/zvier-hugo/content/post/containerd-load-plugin.md": WRITE
Total in 125 ms

Change detected, rebuilding site
2019-09-01 21:07:44.066 +0800
Source changed "/home/liuzekun/github/zvier-hugo/content/post/containerd-load-plugin.md": WRITE
Total in 135 ms

Change detected, rebuilding site
2019-09-01 21:08:20.066 +0800
Source changed "/home/liuzekun/github/zvier-hugo/content/post/containerd-load-plugin.md": WRITE
Total in 151 ms

Change detected, rebuilding site
2019-09-01 21:09:47.066 +0800
Source changed "/home/liuzekun/github/zvier-hugo/content/post/containerd-load-plugin.md": WRITE
Total in 139 ms

Change detected, rebuilding site
2019-09-01 21:09:50.066 +0800
Source changed "/home/liuzekun/github/zvier-hugo/content/post/containerd-load-plugin.md": WRITE
Total in 136 ms

Change detected, rebuilding site
2019-09-01 21:13:49.066 +0800
Source changed "/home/liuzekun/github/zvier-hugo/content/post/containerd-load-plugin.md": WRITE
Total in 131 ms

Change detected, rebuilding site
2019-09-01 21:14:35.066 +0800
Source changed "/home/liuzekun/github/zvier-hugo/content/post/containerd-load-plugin.md": WRITE
Total in 136 ms

Change detected, rebuilding site
2019-09-01 21:15:13.066 +0800
Source changed "/home/liuzekun/github/zvier-hugo/content/post/containerd-load-plugin.md": WRITE
Total in 153 ms

Change detected, rebuilding site
2019-09-01 21:15:32.066 +0800
Source changed "/home/liuzekun/github/zvier-hugo/content/post/containerd-load-plugin.md": WRITE
Total in 139 ms

Change detected, rebuilding site
2019-09-01 21:17:54.066 +0800
Source changed "/home/liuzekun/github/zvier-hugo/content/post/containerd-load-plugin.md": WRITE
Total in 121 ms
